2025-08-05 23:13:40 17768 [Note] InnoDB: Using mutexes to ref count buffer pool pages
2025-08-05 23:13:40 17768 [Note] InnoDB: The InnoDB memory heap is disabled
2025-08-05 23:13:40 17768 [Note] InnoDB: Mutexes and rw_locks use Windows interlocked functions
2025-08-05 23:13:40 17768 [Note] InnoDB: Memory barrier is not used
2025-08-05 23:13:40 17768 [Note] InnoDB: Compressed tables use zlib 1.2.3
2025-08-05 23:13:40 17768 [Note] InnoDB: Using generic crc32 instructions
2025-08-05 23:13:40 17768 [Note] InnoDB: Initializing buffer pool, size = 128.0M
2025-08-05 23:13:40 17768 [Note] InnoDB: Completed initialization of buffer pool
2025-08-05 23:13:40 17768 [Note] InnoDB: Highest supported file format is Barracuda.
2025-08-05 23:13:40 17768 [Note] InnoDB: 128 rollback segment(s) are active.
2025-08-05 23:13:40 17768 [Note] InnoDB: Waiting for purge to start
2025-08-05 23:13:40 17768 [Note] InnoDB:  Percona XtraDB (http://www.percona.com) 5.6.28-76.1 started; log sequence number 5088494720
2025-08-05 23:13:40 6832 [Note] InnoDB: Dumping buffer pool(s) not yet started
2025-08-05 23:13:40 17768 [Note] Plugin 'FEEDBACK' is disabled.
2025-08-05 23:13:40 17768 [Note] Server socket created on IP: '::'.
2025-08-05 23:13:40 17768 [Warning] Found invalid password for user: '@%'; Ignoring user
2025-08-05 23:13:41 17768 [Note] mysqldPt.exe: ready for connections.
Version: '10.1.13-MariaDB'  socket: ''  port: 3308  mariadb.org binary distribution
2025-08-05 23:49:33 5220 [Note] InnoDB: Online DDL : Start
2025-08-05 23:49:33 5220 [Note] InnoDB: Online DDL : Start reading clustered index of the table and create temporary files
2025-08-05 23:49:33 5220 [Note] InnoDB: Online DDL : End of reading clustered index of the table and create temporary files
2025-08-05 23:49:33 5220 [Note] InnoDB: Online DDL : Start merge-sorting index `PRIMARY` (1 / 1), estimated cost : 20.0000
2025-08-05 23:49:33 5220 [Note] InnoDB: Online DDL : End of  merge-sorting index `PRIMARY` (1 / 1)
2025-08-05 23:49:33 5220 [Note] InnoDB: Online DDL : Start building index `PRIMARY` (1 / 1), estimated cost : 30.0000
2025-08-05 23:49:33 5220 [Note] InnoDB: Online DDL : End of building index `PRIMARY` (1 / 1)
2025-08-05 23:49:33 5220 [Note] InnoDB: Online DDL : Completed
2025-08-06  0:09:41 4540 [Note] mysqldPt.exe: Normal shutdown

2025-08-06  0:09:41 4540 [Note] Event Scheduler: Purging the queue. 0 events
2025-08-06  0:09:41 4884 [Note] InnoDB: FTS optimize thread exiting.
2025-08-06  0:09:41 4540 [Note] InnoDB: Starting shutdown...
2025-08-06  0:09:43 4540 [Note] InnoDB: Shutdown completed; log sequence number 5092175606
2025-08-06  0:09:43 4540 [Note] mysqldPt.exe: Shutdown complete

2025-08-06  8:22:42 2184 [Note] InnoDB: Using mutexes to ref count buffer pool pages
2025-08-06  8:22:42 2184 [Note] InnoDB: The InnoDB memory heap is disabled
2025-08-06  8:22:42 2184 [Note] InnoDB: Mutexes and rw_locks use Windows interlocked functions
2025-08-06  8:22:42 2184 [Note] InnoDB: Memory barrier is not used
2025-08-06  8:22:42 2184 [Note] InnoDB: Compressed tables use zlib 1.2.3
2025-08-06  8:22:42 2184 [Note] InnoDB: Using generic crc32 instructions
2025-08-06  8:22:42 2184 [Note] InnoDB: Initializing buffer pool, size = 128.0M
2025-08-06  8:22:42 2184 [Note] InnoDB: Completed initialization of buffer pool
2025-08-06  8:22:42 2184 [Note] InnoDB: Highest supported file format is Barracuda.
2025-08-06  8:22:42 2184 [Note] InnoDB: 128 rollback segment(s) are active.
2025-08-06  8:22:42 2184 [Note] InnoDB: Waiting for purge to start
2025-08-06  8:22:43 2184 [Note] InnoDB:  Percona XtraDB (http://www.percona.com) 5.6.28-76.1 started; log sequence number 5092175606
2025-08-06  8:22:43 14144 [Note] InnoDB: Dumping buffer pool(s) not yet started
2025-08-06  8:22:43 2184 [Note] Plugin 'FEEDBACK' is disabled.
2025-08-06  8:22:43 2184 [Note] Server socket created on IP: '::'.
2025-08-06  8:22:43 2184 [Warning] Found invalid password for user: '@%'; Ignoring user
2025-08-06  8:22:43 2184 [Note] mysqldPt.exe: ready for connections.
Version: '10.1.13-MariaDB'  socket: ''  port: 3308  mariadb.org binary distribution
2025-08-08 10:09:06 2004 [Note] mysqldPt.exe: Normal shutdown

2025-08-08 10:09:06 2004 [Note] Event Scheduler: Purging the queue. 0 events
2025-08-08 10:09:06 10428 [Note] InnoDB: FTS optimize thread exiting.
2025-08-08 10:09:06 2004 [Note] InnoDB: Starting shutdown...
2025-08-08 10:09:08 2004 [Note] InnoDB: Shutdown completed; log sequence number 5092183891
2025-08-08 10:09:08 2004 [Note] mysqldPt.exe: Shutdown complete

2025-08-10  8:09:28 7316 [Note] InnoDB: Using mutexes to ref count buffer pool pages
2025-08-10  8:09:28 7316 [Note] InnoDB: The InnoDB memory heap is disabled
2025-08-10  8:09:28 7316 [Note] InnoDB: Mutexes and rw_locks use Windows interlocked functions
2025-08-10  8:09:28 7316 [Note] InnoDB: Memory barrier is not used
2025-08-10  8:09:28 7316 [Note] InnoDB: Compressed tables use zlib 1.2.3
2025-08-10  8:09:28 7316 [Note] InnoDB: Using generic crc32 instructions
2025-08-10  8:09:28 7316 [Note] InnoDB: Initializing buffer pool, size = 128.0M
2025-08-10  8:09:28 7316 [Note] InnoDB: Completed initialization of buffer pool
2025-08-10  8:09:28 7316 [Note] InnoDB: Highest supported file format is Barracuda.
2025-08-10  8:09:28 7316 [Note] InnoDB: 128 rollback segment(s) are active.
2025-08-10  8:09:28 7316 [Note] InnoDB: Waiting for purge to start
2025-08-10  8:09:28 7316 [Note] InnoDB:  Percona XtraDB (http://www.percona.com) 5.6.28-76.1 started; log sequence number 5092183891
2025-08-10  8:09:28 1388 [Note] InnoDB: Dumping buffer pool(s) not yet started
2025-08-10  8:09:28 7316 [Note] Plugin 'FEEDBACK' is disabled.
2025-08-10  8:09:28 7316 [Note] Server socket created on IP: '::'.
2025-08-10  8:09:29 7316 [Warning] Found invalid password for user: '@%'; Ignoring user
2025-08-10  8:09:29 7316 [Note] mysqldPt.exe: ready for connections.
Version: '10.1.13-MariaDB'  socket: ''  port: 3308  mariadb.org binary distribution
2025-08-10 11:29:57 3812 [Note] InnoDB: Online DDL : Start
2025-08-10 11:29:57 3812 [Note] InnoDB: Online DDL : Start reading clustered index of the table and create temporary files
2025-08-10 11:29:57 3812 [Note] InnoDB: Online DDL : End of reading clustered index of the table and create temporary files
2025-08-10 11:29:57 3812 [Note] InnoDB: Online DDL : Start merge-sorting index `PRIMARY` (1 / 1), estimated cost : 20.0000
2025-08-10 11:29:57 3812 [Note] InnoDB: Online DDL : merge-sorting has estimated 2 runs
2025-08-10 11:29:57 3812 [Note] InnoDB: Online DDL : End of  merge-sorting index `PRIMARY` (1 / 1)
2025-08-10 11:29:57 3812 [Note] InnoDB: Online DDL : Start building index `PRIMARY` (1 / 1), estimated cost : 30.0000
2025-08-10 11:29:57 3812 [Note] InnoDB: Online DDL : End of building index `PRIMARY` (1 / 1)
2025-08-10 11:29:57 3812 [Note] InnoDB: Online DDL : Completed
2025-08-10 19:38:46 8144 [Note] InnoDB: Using mutexes to ref count buffer pool pages
2025-08-10 19:38:46 8144 [Note] InnoDB: The InnoDB memory heap is disabled
2025-08-10 19:38:46 8144 [Note] InnoDB: Mutexes and rw_locks use Windows interlocked functions
2025-08-10 19:38:46 8144 [Note] InnoDB: Memory barrier is not used
2025-08-10 19:38:46 8144 [Note] InnoDB: Compressed tables use zlib 1.2.3
2025-08-10 19:38:46 8144 [Note] InnoDB: Using generic crc32 instructions
2025-08-10 19:38:46 8144 [Note] InnoDB: Initializing buffer pool, size = 128.0M
2025-08-10 19:38:46 8144 [Note] InnoDB: Completed initialization of buffer pool
2025-08-10 19:38:46 8144 [Note] InnoDB: Highest supported file format is Barracuda.
2025-08-10 19:38:46 8144 [Note] InnoDB: The log sequence numbers 5092183891 and 5092183891 in ibdata files do not match the log sequence number 5094919413 in the ib_logfiles!
2025-08-10 19:38:46 8144 [Note] InnoDB: Database was not shutdown normally!
2025-08-10 19:38:46 8144 [Note] InnoDB: Starting crash recovery.
2025-08-10 19:38:46 8144 [Note] InnoDB: Reading tablespace information from the .ibd files...
2025-08-10 19:38:46 8144 [Note] InnoDB: Restoring possible half-written data pages 
2025-08-10 19:38:46 8144 [Note] InnoDB: from the doublewrite buffer...
2025-08-10 19:38:47 8144 [Note] InnoDB: 128 rollback segment(s) are active.
2025-08-10 19:38:47 8144 [Note] InnoDB: Waiting for purge to start
2025-08-10 19:38:47 8144 [Note] InnoDB:  Percona XtraDB (http://www.percona.com) 5.6.28-76.1 started; log sequence number 5094919413
2025-08-10 19:38:47 10668 [Note] InnoDB: Dumping buffer pool(s) not yet started
2025-08-10 19:38:47 8144 [Note] Plugin 'FEEDBACK' is disabled.
2025-08-10 19:38:47 8144 [Note] Server socket created on IP: '::'.
2025-08-10 19:38:47 8144 [Warning] Found invalid password for user: '@%'; Ignoring user
2025-08-10 19:38:47 8144 [Note] mysqldPt.exe: ready for connections.
Version: '10.1.13-MariaDB'  socket: ''  port: 3308  mariadb.org binary distribution
2025-08-11  9:58:47 13028 [Note] InnoDB: Using mutexes to ref count buffer pool pages
2025-08-11  9:58:47 13028 [Note] InnoDB: The InnoDB memory heap is disabled
2025-08-11  9:58:47 13028 [Note] InnoDB: Mutexes and rw_locks use Windows interlocked functions
2025-08-11  9:58:47 13028 [Note] InnoDB: Memory barrier is not used
2025-08-11  9:58:47 13028 [Note] InnoDB: Compressed tables use zlib 1.2.3
2025-08-11  9:58:47 13028 [Note] InnoDB: Using generic crc32 instructions
2025-08-11  9:58:47 13028 [Note] InnoDB: Initializing buffer pool, size = 128.0M
2025-08-11  9:58:47 13028 [Note] InnoDB: Completed initialization of buffer pool
2025-08-11  9:58:47 13028 [Note] InnoDB: Highest supported file format is Barracuda.
2025-08-11  9:58:47 13028 [Note] InnoDB: The log sequence numbers 5092183891 and 5092183891 in ibdata files do not match the log sequence number 5094919423 in the ib_logfiles!
2025-08-11  9:58:47 13028 [Note] InnoDB: Database was not shutdown normally!
2025-08-11  9:58:47 13028 [Note] InnoDB: Starting crash recovery.
2025-08-11  9:58:47 13028 [Note] InnoDB: Reading tablespace information from the .ibd files...
2025-08-11  9:58:48 13028 [Note] InnoDB: Restoring possible half-written data pages 
2025-08-11  9:58:48 13028 [Note] InnoDB: from the doublewrite buffer...
2025-08-11  9:58:48 13028 [Note] InnoDB: 128 rollback segment(s) are active.
2025-08-11  9:58:48 13028 [Note] InnoDB: Waiting for purge to start
2025-08-11  9:58:48 13028 [Note] InnoDB:  Percona XtraDB (http://www.percona.com) 5.6.28-76.1 started; log sequence number 5094919423
2025-08-11  9:58:48 4084 [Note] InnoDB: Dumping buffer pool(s) not yet started
2025-08-11  9:58:48 13028 [Note] Plugin 'FEEDBACK' is disabled.
2025-08-11  9:58:48 13028 [Note] Server socket created on IP: '::'.
2025-08-11  9:58:48 13028 [Warning] Found invalid password for user: '@%'; Ignoring user
2025-08-11  9:58:48 13028 [Note] mysqldPt.exe: ready for connections.
Version: '10.1.13-MariaDB'  socket: ''  port: 3308  mariadb.org binary distribution
2025-08-12 22:34:27 13180 [Note] InnoDB: Using mutexes to ref count buffer pool pages
2025-08-12 22:34:27 13180 [Note] InnoDB: The InnoDB memory heap is disabled
2025-08-12 22:34:27 13180 [Note] InnoDB: Mutexes and rw_locks use Windows interlocked functions
2025-08-12 22:34:27 13180 [Note] InnoDB: Memory barrier is not used
2025-08-12 22:34:27 13180 [Note] InnoDB: Compressed tables use zlib 1.2.3
2025-08-12 22:34:27 13180 [Note] InnoDB: Using generic crc32 instructions
2025-08-12 22:34:27 13180 [Note] InnoDB: Initializing buffer pool, size = 128.0M
2025-08-12 22:34:27 13180 [Note] InnoDB: Completed initialization of buffer pool
2025-08-12 22:34:27 13180 [Note] InnoDB: Highest supported file format is Barracuda.
2025-08-12 22:34:28 13180 [Note] InnoDB: The log sequence numbers 5092183891 and 5092183891 in ibdata files do not match the log sequence number 5094919433 in the ib_logfiles!
2025-08-12 22:34:28 13180 [Note] InnoDB: Database was not shutdown normally!
2025-08-12 22:34:28 13180 [Note] InnoDB: Starting crash recovery.
2025-08-12 22:34:28 13180 [Note] InnoDB: Reading tablespace information from the .ibd files...
2025-08-12 22:34:28 13180 [Note] InnoDB: Restoring possible half-written data pages 
2025-08-12 22:34:28 13180 [Note] InnoDB: from the doublewrite buffer...
2025-08-12 22:34:28 13180 [Note] InnoDB: 128 rollback segment(s) are active.
2025-08-12 22:34:28 13180 [Note] InnoDB: Waiting for purge to start
2025-08-12 22:34:28 13180 [Note] InnoDB:  Percona XtraDB (http://www.percona.com) 5.6.28-76.1 started; log sequence number 5094919433
2025-08-12 22:34:28 888 [Note] InnoDB: Dumping buffer pool(s) not yet started
2025-08-12 22:34:28 13180 [Note] Plugin 'FEEDBACK' is disabled.
2025-08-12 22:34:28 13180 [Note] Server socket created on IP: '::'.
2025-08-12 22:34:28 13180 [Warning] Found invalid password for user: '@%'; Ignoring user
2025-08-12 22:34:29 13180 [Note] mysqldPt.exe: ready for connections.
Version: '10.1.13-MariaDB'  socket: ''  port: 3308  mariadb.org binary distribution
2025-08-13  6:40:51 13460 [Note] InnoDB: Using mutexes to ref count buffer pool pages
2025-08-13  6:40:51 13460 [Note] InnoDB: The InnoDB memory heap is disabled
2025-08-13  6:40:51 13460 [Note] InnoDB: Mutexes and rw_locks use Windows interlocked functions
2025-08-13  6:40:51 13460 [Note] InnoDB: Memory barrier is not used
2025-08-13  6:40:51 13460 [Note] InnoDB: Compressed tables use zlib 1.2.3
2025-08-13  6:40:51 13460 [Note] InnoDB: Using generic crc32 instructions
2025-08-13  6:40:51 13460 [Note] InnoDB: Initializing buffer pool, size = 128.0M
2025-08-13  6:40:51 13460 [Note] InnoDB: Completed initialization of buffer pool
2025-08-13  6:40:51 13460 [Note] InnoDB: Highest supported file format is Barracuda.
2025-08-13  6:40:51 13460 [Note] InnoDB: The log sequence numbers 5092183891 and 5092183891 in ibdata files do not match the log sequence number 5094926219 in the ib_logfiles!
2025-08-13  6:40:51 13460 [Note] InnoDB: Database was not shutdown normally!
2025-08-13  6:40:51 13460 [Note] InnoDB: Starting crash recovery.
2025-08-13  6:40:51 13460 [Note] InnoDB: Reading tablespace information from the .ibd files...
2025-08-13  6:40:51 13460 [Note] InnoDB: Restoring possible half-written data pages 
2025-08-13  6:40:51 13460 [Note] InnoDB: from the doublewrite buffer...
2025-08-13  6:40:51 13460 [Note] InnoDB: 128 rollback segment(s) are active.
2025-08-13  6:40:51 13460 [Note] InnoDB: Waiting for purge to start
2025-08-13  6:40:51 13460 [Note] InnoDB:  Percona XtraDB (http://www.percona.com) 5.6.28-76.1 started; log sequence number 5094926219
2025-08-13  6:40:51 9920 [Note] InnoDB: Dumping buffer pool(s) not yet started
2025-08-13  6:40:51 13460 [Note] Plugin 'FEEDBACK' is disabled.
2025-08-13  6:40:51 13460 [Note] Server socket created on IP: '::'.
2025-08-13  6:40:52 13460 [Warning] Found invalid password for user: '@%'; Ignoring user
2025-08-13  6:40:52 13460 [Note] mysqldPt.exe: ready for connections.
Version: '10.1.13-MariaDB'  socket: ''  port: 3308  mariadb.org binary distribution
2025-08-13 15:51:26 13256 [Note] InnoDB: Using mutexes to ref count buffer pool pages
2025-08-13 15:51:26 13256 [Note] InnoDB: The InnoDB memory heap is disabled
2025-08-13 15:51:26 13256 [Note] InnoDB: Mutexes and rw_locks use Windows interlocked functions
2025-08-13 15:51:26 13256 [Note] InnoDB: Memory barrier is not used
2025-08-13 15:51:26 13256 [Note] InnoDB: Compressed tables use zlib 1.2.3
2025-08-13 15:51:26 13256 [Note] InnoDB: Using generic crc32 instructions
2025-08-13 15:51:26 13256 [Note] InnoDB: Initializing buffer pool, size = 128.0M
2025-08-13 15:51:26 13256 [Note] InnoDB: Completed initialization of buffer pool
2025-08-13 15:51:26 13256 [Note] InnoDB: Highest supported file format is Barracuda.
2025-08-13 15:51:26 13256 [Note] InnoDB: The log sequence numbers 5092183891 and 5092183891 in ibdata files do not match the log sequence number 5094935094 in the ib_logfiles!
2025-08-13 15:51:26 13256 [Note] InnoDB: Database was not shutdown normally!
2025-08-13 15:51:26 13256 [Note] InnoDB: Starting crash recovery.
2025-08-13 15:51:26 13256 [Note] InnoDB: Reading tablespace information from the .ibd files...
2025-08-13 15:51:26 13256 [Note] InnoDB: Restoring possible half-written data pages 
2025-08-13 15:51:26 13256 [Note] InnoDB: from the doublewrite buffer...
2025-08-13 15:51:26 13256 [Note] InnoDB: 128 rollback segment(s) are active.
2025-08-13 15:51:26 13256 [Note] InnoDB: Waiting for purge to start
2025-08-13 15:51:26 13256 [Note] InnoDB:  Percona XtraDB (http://www.percona.com) 5.6.28-76.1 started; log sequence number 5094935094
2025-08-13 15:51:26 11664 [Note] InnoDB: Dumping buffer pool(s) not yet started
2025-08-13 15:51:26 13256 [Note] Plugin 'FEEDBACK' is disabled.
2025-08-13 15:51:26 13256 [Note] Server socket created on IP: '::'.
2025-08-13 15:51:27 13256 [Warning] Found invalid password for user: '@%'; Ignoring user
2025-08-13 15:51:27 13256 [Note] mysqldPt.exe: ready for connections.
Version: '10.1.13-MariaDB'  socket: ''  port: 3308  mariadb.org binary distribution
2025-08-13 16:58:26 7564 [Note] InnoDB: Online DDL : Start
2025-08-13 16:58:26 7564 [Note] InnoDB: Online DDL : Start reading clustered index of the table and create temporary files
2025-08-13 16:58:26 7564 [Note] InnoDB: Online DDL : End of reading clustered index of the table and create temporary files
2025-08-13 16:58:26 7564 [Note] InnoDB: Online DDL : Start merge-sorting index `PRIMARY` (1 / 1), estimated cost : 20.0000
2025-08-13 16:58:26 7564 [Note] InnoDB: Online DDL : End of  merge-sorting index `PRIMARY` (1 / 1)
2025-08-13 16:58:26 7564 [Note] InnoDB: Online DDL : Start building index `PRIMARY` (1 / 1), estimated cost : 30.0000
2025-08-13 16:58:26 7564 [Note] InnoDB: Online DDL : End of building index `PRIMARY` (1 / 1)
2025-08-13 16:58:26 7564 [Note] InnoDB: Online DDL : Completed
2025-08-13 17:09:06 7564 [Note] InnoDB: Online DDL : Start
2025-08-13 17:09:06 7564 [Note] InnoDB: Online DDL : Start reading clustered index of the table and create temporary files
2025-08-13 17:09:06 7564 [Note] InnoDB: Online DDL : End of reading clustered index of the table and create temporary files
2025-08-13 17:09:06 7564 [Note] InnoDB: Online DDL : Start merge-sorting index `PRIMARY` (1 / 1), estimated cost : 20.0000
2025-08-13 17:09:06 7564 [Note] InnoDB: Online DDL : End of  merge-sorting index `PRIMARY` (1 / 1)
2025-08-13 17:09:06 7564 [Note] InnoDB: Online DDL : Start building index `PRIMARY` (1 / 1), estimated cost : 30.0000
2025-08-13 17:09:06 7564 [Note] InnoDB: Online DDL : End of building index `PRIMARY` (1 / 1)
2025-08-13 17:09:06 7564 [Note] InnoDB: Online DDL : Completed
2025-08-13 17:58:11 7564 [Note] InnoDB: Online DDL : Start
2025-08-13 17:58:11 7564 [Note] InnoDB: Online DDL : Start reading clustered index of the table and create temporary files
2025-08-13 17:58:11 7564 [Note] InnoDB: Online DDL : End of reading clustered index of the table and create temporary files
2025-08-13 17:58:11 7564 [Note] InnoDB: Online DDL : Start merge-sorting index `PRIMARY` (1 / 1), estimated cost : 20.0000
2025-08-13 17:58:11 7564 [Note] InnoDB: Online DDL : End of  merge-sorting index `PRIMARY` (1 / 1)
2025-08-13 17:58:11 7564 [Note] InnoDB: Online DDL : Start building index `PRIMARY` (1 / 1), estimated cost : 30.0000
2025-08-13 17:58:11 7564 [Note] InnoDB: Online DDL : End of building index `PRIMARY` (1 / 1)
2025-08-13 17:58:11 7564 [Note] InnoDB: Online DDL : Completed
2025-08-18 11:29:09 9988 [Note] InnoDB: Using mutexes to ref count buffer pool pages
2025-08-18 11:29:09 9988 [Note] InnoDB: The InnoDB memory heap is disabled
2025-08-18 11:29:09 9988 [Note] InnoDB: Mutexes and rw_locks use Windows interlocked functions
2025-08-18 11:29:09 9988 [Note] InnoDB: Memory barrier is not used
2025-08-18 11:29:09 9988 [Note] InnoDB: Compressed tables use zlib 1.2.3
2025-08-18 11:29:09 9988 [Note] InnoDB: Using generic crc32 instructions
2025-08-18 11:29:09 9988 [Note] InnoDB: Initializing buffer pool, size = 128.0M
2025-08-18 11:29:09 9988 [Note] InnoDB: Completed initialization of buffer pool
2025-08-18 11:29:09 9988 [Note] InnoDB: Highest supported file format is Barracuda.
2025-08-18 11:29:10 9988 [Note] InnoDB: The log sequence numbers 5092183891 and 5092183891 in ibdata files do not match the log sequence number 5097112627 in the ib_logfiles!
2025-08-18 11:29:10 9988 [Note] InnoDB: Database was not shutdown normally!
2025-08-18 11:29:10 9988 [Note] InnoDB: Starting crash recovery.
2025-08-18 11:29:10 9988 [Note] InnoDB: Reading tablespace information from the .ibd files...
2025-08-18 11:29:10 9988 [Note] InnoDB: Restoring possible half-written data pages 
2025-08-18 11:29:10 9988 [Note] InnoDB: from the doublewrite buffer...
2025-08-18 11:29:10 9988 [Note] InnoDB: 128 rollback segment(s) are active.
2025-08-18 11:29:10 9988 [Note] InnoDB: Waiting for purge to start
2025-08-18 11:29:10 9988 [Note] InnoDB:  Percona XtraDB (http://www.percona.com) 5.6.28-76.1 started; log sequence number 5097112627
2025-08-18 11:29:10 13776 [Note] InnoDB: Dumping buffer pool(s) not yet started
2025-08-18 11:29:10 9988 [Note] Plugin 'FEEDBACK' is disabled.
2025-08-18 11:29:10 9988 [Note] Server socket created on IP: '::'.
2025-08-18 11:29:10 9988 [Warning] Found invalid password for user: '@%'; Ignoring user
2025-08-18 11:29:10 9988 [Note] mysqldPt.exe: ready for connections.
Version: '10.1.13-MariaDB'  socket: ''  port: 3308  mariadb.org binary distribution
2025-08-18 17:15:02 3196 [Note] mysqldPt.exe: Normal shutdown

2025-08-18 17:15:02 3196 [Note] Event Scheduler: Purging the queue. 0 events
2025-08-18 17:15:02 11064 [Note] InnoDB: FTS optimize thread exiting.
2025-08-18 17:15:02 3196 [Note] InnoDB: Starting shutdown...
2025-08-18 17:15:04 3196 [Note] InnoDB: Shutdown completed; log sequence number 5097118334
2025-08-18 17:15:04 3196 [Note] mysqldPt.exe: Shutdown complete

2025-08-19 10:22:05 1256 [Note] InnoDB: Using mutexes to ref count buffer pool pages
2025-08-19 10:22:05 1256 [Note] InnoDB: The InnoDB memory heap is disabled
2025-08-19 10:22:05 1256 [Note] InnoDB: Mutexes and rw_locks use Windows interlocked functions
2025-08-19 10:22:05 1256 [Note] InnoDB: Memory barrier is not used
2025-08-19 10:22:05 1256 [Note] InnoDB: Compressed tables use zlib 1.2.3
2025-08-19 10:22:05 1256 [Note] InnoDB: Using generic crc32 instructions
2025-08-19 10:22:05 1256 [Note] InnoDB: Initializing buffer pool, size = 128.0M
2025-08-19 10:22:05 1256 [Note] InnoDB: Completed initialization of buffer pool
2025-08-19 10:22:05 1256 [Note] InnoDB: Highest supported file format is Barracuda.
2025-08-19 10:22:05 1256 [Note] InnoDB: 128 rollback segment(s) are active.
2025-08-19 10:22:05 1256 [Note] InnoDB: Waiting for purge to start
2025-08-19 10:22:05 1256 [Note] InnoDB:  Percona XtraDB (http://www.percona.com) 5.6.28-76.1 started; log sequence number 5097118334
2025-08-19 10:22:05 12224 [Note] InnoDB: Dumping buffer pool(s) not yet started
2025-08-19 10:22:05 1256 [Note] Plugin 'FEEDBACK' is disabled.
2025-08-19 10:22:05 1256 [Note] Server socket created on IP: '::'.
2025-08-19 10:22:06 1256 [Warning] Found invalid password for user: '@%'; Ignoring user
2025-08-19 10:22:06 1256 [Note] mysqldPt.exe: ready for connections.
Version: '10.1.13-MariaDB'  socket: ''  port: 3308  mariadb.org binary distribution
2025-08-19 21:07:39 6672 [Note] InnoDB: Using mutexes to ref count buffer pool pages
2025-08-19 21:07:39 6672 [Note] InnoDB: The InnoDB memory heap is disabled
2025-08-19 21:07:39 6672 [Note] InnoDB: Mutexes and rw_locks use Windows interlocked functions
2025-08-19 21:07:39 6672 [Note] InnoDB: Memory barrier is not used
2025-08-19 21:07:39 6672 [Note] InnoDB: Compressed tables use zlib 1.2.3
2025-08-19 21:07:39 6672 [Note] InnoDB: Using generic crc32 instructions
2025-08-19 21:07:39 6672 [Note] InnoDB: Initializing buffer pool, size = 128.0M
2025-08-19 21:07:39 6672 [Note] InnoDB: Completed initialization of buffer pool
2025-08-19 21:07:39 6672 [Note] InnoDB: Highest supported file format is Barracuda.
2025-08-19 21:07:39 6672 [Note] InnoDB: The log sequence numbers 5097118334 and 5097118334 in ibdata files do not match the log sequence number 5101173529 in the ib_logfiles!
2025-08-19 21:07:39 6672 [Note] InnoDB: Database was not shutdown normally!
2025-08-19 21:07:39 6672 [Note] InnoDB: Starting crash recovery.
2025-08-19 21:07:39 6672 [Note] InnoDB: Reading tablespace information from the .ibd files...
2025-08-19 21:07:39 6672 [Note] InnoDB: Restoring possible half-written data pages 
2025-08-19 21:07:39 6672 [Note] InnoDB: from the doublewrite buffer...
2025-08-19 21:07:39 6672 [Note] InnoDB: 128 rollback segment(s) are active.
2025-08-19 21:07:39 6672 [Note] InnoDB: Waiting for purge to start
2025-08-19 21:07:39 6672 [Note] InnoDB:  Percona XtraDB (http://www.percona.com) 5.6.28-76.1 started; log sequence number 5101173529
2025-08-19 21:07:39 2980 [Note] InnoDB: Dumping buffer pool(s) not yet started
2025-08-19 21:07:39 6672 [Note] Plugin 'FEEDBACK' is disabled.
2025-08-19 21:07:39 6672 [Note] Server socket created on IP: '::'.
2025-08-19 21:07:40 6672 [Warning] Found invalid password for user: '@%'; Ignoring user
2025-08-19 21:07:40 6672 [Note] mysqldPt.exe: ready for connections.
Version: '10.1.13-MariaDB'  socket: ''  port: 3308  mariadb.org binary distribution
2025-08-19 22:14:15 15772 [Note] mysqldPt.exe: Normal shutdown

2025-08-19 22:14:15 15772 [Note] Event Scheduler: Purging the queue. 0 events
2025-08-19 22:14:15 344 [Note] InnoDB: FTS optimize thread exiting.
2025-08-19 22:14:15 15772 [Note] InnoDB: Starting shutdown...
2025-08-19 22:14:16 15772 [Note] InnoDB: Shutdown completed; log sequence number 5101181180
2025-08-19 22:14:16 15772 [Note] mysqldPt.exe: Shutdown complete

2025-08-19 22:29:40 10768 [Note] InnoDB: Using mutexes to ref count buffer pool pages
2025-08-19 22:29:40 10768 [Note] InnoDB: The InnoDB memory heap is disabled
2025-08-19 22:29:40 10768 [Note] InnoDB: Mutexes and rw_locks use Windows interlocked functions
2025-08-19 22:29:40 10768 [Note] InnoDB: Memory barrier is not used
2025-08-19 22:29:40 10768 [Note] InnoDB: Compressed tables use zlib 1.2.3
2025-08-19 22:29:40 10768 [Note] InnoDB: Using generic crc32 instructions
2025-08-19 22:29:40 10768 [Note] InnoDB: Initializing buffer pool, size = 128.0M
2025-08-19 22:29:40 10768 [Note] InnoDB: Completed initialization of buffer pool
2025-08-19 22:29:40 10768 [Note] InnoDB: Highest supported file format is Barracuda.
2025-08-19 22:29:40 10768 [Note] InnoDB: 128 rollback segment(s) are active.
2025-08-19 22:29:40 10768 [Note] InnoDB: Waiting for purge to start
2025-08-19 22:29:40 10768 [Note] InnoDB:  Percona XtraDB (http://www.percona.com) 5.6.28-76.1 started; log sequence number 5101181180
2025-08-19 22:29:40 13484 [Note] InnoDB: Dumping buffer pool(s) not yet started
2025-08-19 22:29:40 10768 [Note] Plugin 'FEEDBACK' is disabled.
2025-08-19 22:29:40 10768 [Note] Server socket created on IP: '::'.
2025-08-19 22:29:41 10768 [Warning] Found invalid password for user: '@%'; Ignoring user
2025-08-19 22:29:41 10768 [Note] mysqldPt.exe: ready for connections.
Version: '10.1.13-MariaDB'  socket: ''  port: 3308  mariadb.org binary distribution
2025-08-19 23:05:30 9984 [Note] InnoDB: Using mutexes to ref count buffer pool pages
2025-08-19 23:05:30 9984 [Note] InnoDB: The InnoDB memory heap is disabled
2025-08-19 23:05:30 9984 [Note] InnoDB: Mutexes and rw_locks use Windows interlocked functions
2025-08-19 23:05:30 9984 [Note] InnoDB: Memory barrier is not used
2025-08-19 23:05:30 9984 [Note] InnoDB: Compressed tables use zlib 1.2.3
2025-08-19 23:05:30 9984 [Note] InnoDB: Using generic crc32 instructions
2025-08-19 23:05:30 9984 [Note] InnoDB: Initializing buffer pool, size = 128.0M
2025-08-19 23:05:30 9984 [Note] InnoDB: Completed initialization of buffer pool
2025-08-19 23:05:30 9984 [Note] InnoDB: Highest supported file format is Barracuda.
2025-08-19 23:05:30 9984 [Note] InnoDB: The log sequence numbers 5101181180 and 5101181180 in ibdata files do not match the log sequence number 5101181190 in the ib_logfiles!
2025-08-19 23:05:30 9984 [Note] InnoDB: Database was not shutdown normally!
2025-08-19 23:05:30 9984 [Note] InnoDB: Starting crash recovery.
2025-08-19 23:05:30 9984 [Note] InnoDB: Reading tablespace information from the .ibd files...
2025-08-19 23:05:30 9984 [Note] InnoDB: Restoring possible half-written data pages 
2025-08-19 23:05:30 9984 [Note] InnoDB: from the doublewrite buffer...
2025-08-19 23:05:30 9984 [Note] InnoDB: 128 rollback segment(s) are active.
2025-08-19 23:05:30 9984 [Note] InnoDB: Waiting for purge to start
2025-08-19 23:05:30 9984 [Note] InnoDB:  Percona XtraDB (http://www.percona.com) 5.6.28-76.1 started; log sequence number 5101181190
2025-08-19 23:05:30 4444 [Note] InnoDB: Dumping buffer pool(s) not yet started
2025-08-19 23:05:30 9984 [Note] Plugin 'FEEDBACK' is disabled.
2025-08-19 23:05:30 9984 [Note] Server socket created on IP: '::'.
2025-08-19 23:05:30 9984 [Warning] Found invalid password for user: '@%'; Ignoring user
2025-08-19 23:05:30 9984 [Note] mysqldPt.exe: ready for connections.
Version: '10.1.13-MariaDB'  socket: ''  port: 3308  mariadb.org binary distribution
2025-08-20  6:47:08 11908 [Note] InnoDB: Using mutexes to ref count buffer pool pages
2025-08-20  6:47:08 11908 [Note] InnoDB: The InnoDB memory heap is disabled
2025-08-20  6:47:08 11908 [Note] InnoDB: Mutexes and rw_locks use Windows interlocked functions
2025-08-20  6:47:08 11908 [Note] InnoDB: Memory barrier is not used
2025-08-20  6:47:08 11908 [Note] InnoDB: Compressed tables use zlib 1.2.3
2025-08-20  6:47:08 11908 [Note] InnoDB: Using generic crc32 instructions
2025-08-20  6:47:08 11908 [Note] InnoDB: Initializing buffer pool, size = 128.0M
2025-08-20  6:47:08 11908 [Note] InnoDB: Completed initialization of buffer pool
2025-08-20  6:47:08 11908 [Note] InnoDB: Highest supported file format is Barracuda.
2025-08-20  6:47:08 11908 [Note] InnoDB: The log sequence numbers 5101181180 and 5101181180 in ibdata files do not match the log sequence number 5101181200 in the ib_logfiles!
2025-08-20  6:47:08 11908 [Note] InnoDB: Database was not shutdown normally!
2025-08-20  6:47:08 11908 [Note] InnoDB: Starting crash recovery.
2025-08-20  6:47:08 11908 [Note] InnoDB: Reading tablespace information from the .ibd files...
2025-08-20  6:47:08 11908 [Note] InnoDB: Restoring possible half-written data pages 
2025-08-20  6:47:08 11908 [Note] InnoDB: from the doublewrite buffer...
2025-08-20  6:47:08 11908 [Note] InnoDB: 128 rollback segment(s) are active.
2025-08-20  6:47:08 11908 [Note] InnoDB: Waiting for purge to start
2025-08-20  6:47:08 11908 [Note] InnoDB:  Percona XtraDB (http://www.percona.com) 5.6.28-76.1 started; log sequence number 5101181200
2025-08-20  6:47:08 16228 [Note] InnoDB: Dumping buffer pool(s) not yet started
2025-08-20  6:47:08 11908 [Note] Plugin 'FEEDBACK' is disabled.
2025-08-20  6:47:08 11908 [Note] Server socket created on IP: '::'.
2025-08-20  6:47:08 11908 [Warning] Found invalid password for user: '@%'; Ignoring user
2025-08-20  6:47:08 11908 [Note] mysqldPt.exe: ready for connections.
Version: '10.1.13-MariaDB'  socket: ''  port: 3308  mariadb.org binary distribution
2025-08-20 19:28:05 13844 [Note] InnoDB: Using mutexes to ref count buffer pool pages
2025-08-20 19:28:05 13844 [Note] InnoDB: The InnoDB memory heap is disabled
2025-08-20 19:28:05 13844 [Note] InnoDB: Mutexes and rw_locks use Windows interlocked functions
2025-08-20 19:28:05 13844 [Note] InnoDB: Memory barrier is not used
2025-08-20 19:28:05 13844 [Note] InnoDB: Compressed tables use zlib 1.2.3
2025-08-20 19:28:05 13844 [Note] InnoDB: Using generic crc32 instructions
2025-08-20 19:28:05 13844 [Note] InnoDB: Initializing buffer pool, size = 128.0M
2025-08-20 19:28:05 13844 [Note] InnoDB: Completed initialization of buffer pool
2025-08-20 19:28:05 13844 [Note] InnoDB: Highest supported file format is Barracuda.
2025-08-20 19:28:05 13844 [Note] InnoDB: The log sequence numbers 5101204800 and 5101204800 in ibdata files do not match the log sequence number 5106199105 in the ib_logfiles!
2025-08-20 19:28:05 13844 [Note] InnoDB: Database was not shutdown normally!
2025-08-20 19:28:05 13844 [Note] InnoDB: Starting crash recovery.
2025-08-20 19:28:05 13844 [Note] InnoDB: Reading tablespace information from the .ibd files...
2025-08-20 19:28:05 13844 [Note] InnoDB: Restoring possible half-written data pages 
2025-08-20 19:28:05 13844 [Note] InnoDB: from the doublewrite buffer...
2025-08-20 19:28:06 13844 [Note] InnoDB: 128 rollback segment(s) are active.
2025-08-20 19:28:06 13844 [Note] InnoDB: Waiting for purge to start
2025-08-20 19:28:06 13844 [Note] InnoDB:  Percona XtraDB (http://www.percona.com) 5.6.28-76.1 started; log sequence number 5106199105
2025-08-20 19:28:06 15336 [Note] InnoDB: Dumping buffer pool(s) not yet started
2025-08-20 19:28:06 13844 [Note] Plugin 'FEEDBACK' is disabled.
2025-08-20 19:28:06 13844 [Note] Server socket created on IP: '::'.
2025-08-20 19:28:06 13844 [Warning] Found invalid password for user: '@%'; Ignoring user
2025-08-20 19:28:06 13844 [Note] mysqldPt.exe: ready for connections.
Version: '10.1.13-MariaDB'  socket: ''  port: 3308  mariadb.org binary distribution
2025-08-20 20:52:57 1620 [Note] mysqldPt.exe: Normal shutdown

2025-08-20 20:52:57 1620 [Note] Event Scheduler: Purging the queue. 0 events
2025-08-20 20:52:57 14968 [Note] InnoDB: FTS optimize thread exiting.
2025-08-20 20:52:57 1620 [Note] InnoDB: Starting shutdown...
2025-08-20 20:52:59 1620 [Note] InnoDB: Shutdown completed; log sequence number 5106199784
2025-08-20 20:52:59 1620 [Note] mysqldPt.exe: Shutdown complete

2025-08-21 20:10:42 9792 [Note] InnoDB: Using mutexes to ref count buffer pool pages
2025-08-21 20:10:42 9792 [Note] InnoDB: The InnoDB memory heap is disabled
2025-08-21 20:10:42 9792 [Note] InnoDB: Mutexes and rw_locks use Windows interlocked functions
2025-08-21 20:10:42 9792 [Note] InnoDB: Memory barrier is not used
2025-08-21 20:10:42 9792 [Note] InnoDB: Compressed tables use zlib 1.2.3
2025-08-21 20:10:42 9792 [Note] InnoDB: Using generic crc32 instructions
2025-08-21 20:10:42 9792 [Note] InnoDB: Initializing buffer pool, size = 128.0M
2025-08-21 20:10:42 9792 [Note] InnoDB: Completed initialization of buffer pool
2025-08-21 20:10:42 9792 [Note] InnoDB: Highest supported file format is Barracuda.
2025-08-21 20:10:43 9792 [Note] InnoDB: 128 rollback segment(s) are active.
2025-08-21 20:10:43 9792 [Note] InnoDB: Waiting for purge to start
2025-08-21 20:10:43 9792 [Note] InnoDB:  Percona XtraDB (http://www.percona.com) 5.6.28-76.1 started; log sequence number 5106199784
2025-08-21 20:10:43 3092 [Note] InnoDB: Dumping buffer pool(s) not yet started
2025-08-21 20:10:43 9792 [Note] Plugin 'FEEDBACK' is disabled.
2025-08-21 20:10:43 9792 [Note] Server socket created on IP: '::'.
2025-08-21 20:10:43 9792 [Warning] Found invalid password for user: '@%'; Ignoring user
2025-08-21 20:10:43 9792 [Note] mysqldPt.exe: ready for connections.
Version: '10.1.13-MariaDB'  socket: ''  port: 3308  mariadb.org binary distribution
2025-08-21 20:14:54 5484 [Note] mysqldPt.exe: Normal shutdown

2025-08-21 20:14:54 5484 [Note] Event Scheduler: Purging the queue. 0 events
2025-08-21 20:14:54 14072 [Note] InnoDB: FTS optimize thread exiting.
2025-08-21 20:14:54 5484 [Note] InnoDB: Starting shutdown...
2025-08-21 20:14:56 5484 [Note] InnoDB: Shutdown completed; log sequence number 5106199794
2025-08-21 20:14:56 5484 [Note] mysqldPt.exe: Shutdown complete

2025-08-22  9:27:46 12880 [Note] InnoDB: Using mutexes to ref count buffer pool pages
2025-08-22  9:27:46 12880 [Note] InnoDB: The InnoDB memory heap is disabled
2025-08-22  9:27:46 12880 [Note] InnoDB: Mutexes and rw_locks use Windows interlocked functions
2025-08-22  9:27:46 12880 [Note] InnoDB: Memory barrier is not used
2025-08-22  9:27:46 12880 [Note] InnoDB: Compressed tables use zlib 1.2.3
2025-08-22  9:27:46 12880 [Note] InnoDB: Using generic crc32 instructions
2025-08-22  9:27:46 12880 [Note] InnoDB: Initializing buffer pool, size = 128.0M
2025-08-22  9:27:46 12880 [Note] InnoDB: Completed initialization of buffer pool
2025-08-22  9:27:46 12880 [Note] InnoDB: Highest supported file format is Barracuda.
2025-08-22  9:27:46 12880 [Note] InnoDB: 128 rollback segment(s) are active.
2025-08-22  9:27:46 12880 [Note] InnoDB: Waiting for purge to start
2025-08-22  9:27:46 12880 [Note] InnoDB:  Percona XtraDB (http://www.percona.com) 5.6.28-76.1 started; log sequence number 5106199794
2025-08-22  9:27:46 12220 [Note] InnoDB: Dumping buffer pool(s) not yet started
2025-08-22  9:27:46 12880 [Note] Plugin 'FEEDBACK' is disabled.
2025-08-22  9:27:47 12880 [Note] Server socket created on IP: '::'.
2025-08-22  9:27:47 12880 [Warning] Found invalid password for user: '@%'; Ignoring user
2025-08-22  9:27:47 12880 [Note] mysqldPt.exe: ready for connections.
Version: '10.1.13-MariaDB'  socket: ''  port: 3308  mariadb.org binary distribution
2025-08-22 10:46:53 6064 [Note] mysqldPt.exe: Normal shutdown

2025-08-22 10:46:53 6064 [Note] Event Scheduler: Purging the queue. 0 events
2025-08-22 10:46:53 12864 [Note] InnoDB: FTS optimize thread exiting.
2025-08-22 10:46:53 6064 [Note] InnoDB: Starting shutdown...
2025-08-22 10:46:55 6064 [Note] InnoDB: Shutdown completed; log sequence number 5108969198
2025-08-22 10:46:55 6064 [Note] mysqldPt.exe: Shutdown complete

2025-08-22 10:47:35 17152 [Note] InnoDB: Using mutexes to ref count buffer pool pages
2025-08-22 10:47:35 17152 [Note] InnoDB: The InnoDB memory heap is disabled
2025-08-22 10:47:35 17152 [Note] InnoDB: Mutexes and rw_locks use Windows interlocked functions
2025-08-22 10:47:35 17152 [Note] InnoDB: Memory barrier is not used
2025-08-22 10:47:35 17152 [Note] InnoDB: Compressed tables use zlib 1.2.3
2025-08-22 10:47:35 17152 [Note] InnoDB: Using generic crc32 instructions
2025-08-22 10:47:35 17152 [Note] InnoDB: Initializing buffer pool, size = 128.0M
2025-08-22 10:47:35 17152 [Note] InnoDB: Completed initialization of buffer pool
2025-08-22 10:47:35 17152 [Note] InnoDB: Highest supported file format is Barracuda.
2025-08-22 10:47:35 17152 [Note] InnoDB: 128 rollback segment(s) are active.
2025-08-22 10:47:35 17152 [Note] InnoDB: Waiting for purge to start
2025-08-22 10:47:35 17152 [Note] InnoDB:  Percona XtraDB (http://www.percona.com) 5.6.28-76.1 started; log sequence number 5108969198
2025-08-22 10:47:35 1668 [Note] InnoDB: Dumping buffer pool(s) not yet started
2025-08-22 10:47:35 17152 [Note] Plugin 'FEEDBACK' is disabled.
2025-08-22 10:47:35 17152 [Note] Server socket created on IP: '::'.
2025-08-22 10:47:35 17152 [Warning] Found invalid password for user: '@%'; Ignoring user
2025-08-22 10:47:35 17152 [Note] mysqldPt.exe: ready for connections.
Version: '10.1.13-MariaDB'  socket: ''  port: 3308  mariadb.org binary distribution
2025-08-22 12:07:44 18252 [Note] InnoDB: Online DDL : Start
2025-08-22 12:07:44 18252 [Note] InnoDB: Online DDL : Start reading clustered index of the table and create temporary files
2025-08-22 12:07:44 18252 [Note] InnoDB: Online DDL : End of reading clustered index of the table and create temporary files
2025-08-22 12:07:44 18252 [Note] InnoDB: Online DDL : Start merge-sorting index `PRIMARY` (1 / 1), estimated cost : 20.0000
2025-08-22 12:07:44 18252 [Note] InnoDB: Online DDL : End of  merge-sorting index `PRIMARY` (1 / 1)
2025-08-22 12:07:44 18252 [Note] InnoDB: Online DDL : Start building index `PRIMARY` (1 / 1), estimated cost : 30.0000
2025-08-22 12:07:44 18252 [Note] InnoDB: Online DDL : End of building index `PRIMARY` (1 / 1)
2025-08-22 12:07:44 18252 [Note] InnoDB: Online DDL : Completed
2025-08-23  8:20:03 6940 [Note] InnoDB: Using mutexes to ref count buffer pool pages
2025-08-23  8:20:03 6940 [Note] InnoDB: The InnoDB memory heap is disabled
2025-08-23  8:20:03 6940 [Note] InnoDB: Mutexes and rw_locks use Windows interlocked functions
2025-08-23  8:20:03 6940 [Note] InnoDB: Memory barrier is not used
2025-08-23  8:20:03 6940 [Note] InnoDB: Compressed tables use zlib 1.2.3
2025-08-23  8:20:03 6940 [Note] InnoDB: Using generic crc32 instructions
2025-08-23  8:20:03 6940 [Note] InnoDB: Initializing buffer pool, size = 128.0M
2025-08-23  8:20:03 6940 [Note] InnoDB: Completed initialization of buffer pool
2025-08-23  8:20:03 6940 [Note] InnoDB: Highest supported file format is Barracuda.
2025-08-23  8:20:03 6940 [Note] InnoDB: The log sequence numbers 5108969198 and 5108969198 in ibdata files do not match the log sequence number 5118853453 in the ib_logfiles!
2025-08-23  8:20:03 6940 [Note] InnoDB: Database was not shutdown normally!
2025-08-23  8:20:03 6940 [Note] InnoDB: Starting crash recovery.
2025-08-23  8:20:03 6940 [Note] InnoDB: Reading tablespace information from the .ibd files...
2025-08-23  8:20:03 6940 [Note] InnoDB: Restoring possible half-written data pages 
2025-08-23  8:20:03 6940 [Note] InnoDB: from the doublewrite buffer...
2025-08-23  8:20:03 6940 [Note] InnoDB: 128 rollback segment(s) are active.
2025-08-23  8:20:03 6940 [Note] InnoDB: Waiting for purge to start
2025-08-23  8:20:03 6940 [Note] InnoDB:  Percona XtraDB (http://www.percona.com) 5.6.28-76.1 started; log sequence number 5118853453
2025-08-23  8:20:03 10124 [Note] InnoDB: Dumping buffer pool(s) not yet started
2025-08-23  8:20:03 6940 [Note] Plugin 'FEEDBACK' is disabled.
2025-08-23  8:20:03 6940 [Note] Server socket created on IP: '::'.
2025-08-23  8:20:03 6940 [Warning] Found invalid password for user: '@%'; Ignoring user
2025-08-23  8:20:03 6940 [Note] mysqldPt.exe: ready for connections.
Version: '10.1.13-MariaDB'  socket: ''  port: 3308  mariadb.org binary distribution
2025-08-23 18:37:31 6176 [Note] InnoDB: Online DDL : Start
2025-08-23 18:37:31 6176 [Note] InnoDB: Online DDL : Start reading clustered index of the table and create temporary files
2025-08-23 18:37:31 6176 [Note] InnoDB: Online DDL : End of reading clustered index of the table and create temporary files
2025-08-23 18:37:31 6176 [Note] InnoDB: Online DDL : Start merge-sorting index `PRIMARY` (1 / 1), estimated cost : 20.0000
2025-08-23 18:37:31 6176 [Note] InnoDB: Online DDL : merge-sorting has estimated 4 runs
2025-08-23 18:37:31 6176 [Note] InnoDB: Online DDL : End of  merge-sorting index `PRIMARY` (1 / 1)
2025-08-23 18:37:31 6176 [Note] InnoDB: Online DDL : Start building index `PRIMARY` (1 / 1), estimated cost : 26.2500
2025-08-23 18:37:31 6176 [Note] InnoDB: Online DDL : End of building index `PRIMARY` (1 / 1)
2025-08-23 18:37:31 6176 [Note] InnoDB: Online DDL : Completed
2025-08-25  9:58:44 16720 [Note] InnoDB: Using mutexes to ref count buffer pool pages
2025-08-25  9:58:44 16720 [Note] InnoDB: The InnoDB memory heap is disabled
2025-08-25  9:58:44 16720 [Note] InnoDB: Mutexes and rw_locks use Windows interlocked functions
2025-08-25  9:58:44 16720 [Note] InnoDB: Memory barrier is not used
2025-08-25  9:58:44 16720 [Note] InnoDB: Compressed tables use zlib 1.2.3
2025-08-25  9:58:44 16720 [Note] InnoDB: Using generic crc32 instructions
2025-08-25  9:58:44 16720 [Note] InnoDB: Initializing buffer pool, size = 128.0M
2025-08-25  9:58:44 16720 [Note] InnoDB: Completed initialization of buffer pool
2025-08-25  9:58:44 16720 [Note] InnoDB: Highest supported file format is Barracuda.
2025-08-25  9:58:44 16720 [Note] InnoDB: The log sequence numbers 5108969198 and 5108969198 in ibdata files do not match the log sequence number 5130487478 in the ib_logfiles!
2025-08-25  9:58:44 16720 [Note] InnoDB: Database was not shutdown normally!
2025-08-25  9:58:44 16720 [Note] InnoDB: Starting crash recovery.
2025-08-25  9:58:44 16720 [Note] InnoDB: Reading tablespace information from the .ibd files...
2025-08-25  9:58:44 16720 [Note] InnoDB: Restoring possible half-written data pages 
2025-08-25  9:58:44 16720 [Note] InnoDB: from the doublewrite buffer...
2025-08-25  9:58:45 16720 [Note] InnoDB: 128 rollback segment(s) are active.
2025-08-25  9:58:45 16720 [Note] InnoDB: Waiting for purge to start
2025-08-25  9:58:45 16720 [Note] InnoDB:  Percona XtraDB (http://www.percona.com) 5.6.28-76.1 started; log sequence number 5130487478
2025-08-25  9:58:45 9928 [Note] InnoDB: Dumping buffer pool(s) not yet started
2025-08-25  9:58:45 16720 [Note] Plugin 'FEEDBACK' is disabled.
2025-08-25  9:58:45 16720 [Note] Server socket created on IP: '::'.
2025-08-25  9:58:45 16720 [Warning] Found invalid password for user: '@%'; Ignoring user
2025-08-25  9:58:45 16720 [Note] mysqldPt.exe: ready for connections.
Version: '10.1.13-MariaDB'  socket: ''  port: 3308  mariadb.org binary distribution
2025-08-25 11:17:59 9788 [Note] mysqldPt.exe: Normal shutdown

2025-08-25 11:17:59 9788 [Note] Event Scheduler: Purging the queue. 0 events
2025-08-25 11:17:59 17164 [Note] InnoDB: FTS optimize thread exiting.
2025-08-25 11:17:59 9788 [Note] InnoDB: Starting shutdown...
2025-08-25 11:18:01 9788 [Note] InnoDB: Shutdown completed; log sequence number 5131290666
2025-08-25 11:18:01 9788 [Note] mysqldPt.exe: Shutdown complete

2025-08-25 11:54:06 13424 [Note] InnoDB: Using mutexes to ref count buffer pool pages
2025-08-25 11:54:06 13424 [Note] InnoDB: The InnoDB memory heap is disabled
2025-08-25 11:54:06 13424 [Note] InnoDB: Mutexes and rw_locks use Windows interlocked functions
2025-08-25 11:54:06 13424 [Note] InnoDB: Memory barrier is not used
2025-08-25 11:54:06 13424 [Note] InnoDB: Compressed tables use zlib 1.2.3
2025-08-25 11:54:06 13424 [Note] InnoDB: Using generic crc32 instructions
2025-08-25 11:54:06 13424 [Note] InnoDB: Initializing buffer pool, size = 128.0M
2025-08-25 11:54:07 13424 [Note] InnoDB: Completed initialization of buffer pool
2025-08-25 11:54:07 13424 [Note] InnoDB: Highest supported file format is Barracuda.
2025-08-25 11:54:07 13424 [Note] InnoDB: 128 rollback segment(s) are active.
2025-08-25 11:54:07 13424 [Note] InnoDB: Waiting for purge to start
2025-08-25 11:54:07 13424 [Note] InnoDB:  Percona XtraDB (http://www.percona.com) 5.6.28-76.1 started; log sequence number 5131290666
2025-08-25 11:54:07 14328 [Note] InnoDB: Dumping buffer pool(s) not yet started
2025-08-25 11:54:07 13424 [Note] Plugin 'FEEDBACK' is disabled.
2025-08-25 11:54:07 13424 [Note] Server socket created on IP: '::'.
2025-08-25 11:54:07 13424 [Warning] Found invalid password for user: '@%'; Ignoring user
2025-08-25 11:54:07 13424 [Note] mysqldPt.exe: ready for connections.
Version: '10.1.13-MariaDB'  socket: ''  port: 3308  mariadb.org binary distribution
2025-08-26  7:46:46 1172 [Note] mysqldPt.exe: Normal shutdown

2025-08-26  7:46:46 1172 [Note] Event Scheduler: Purging the queue. 0 events
2025-08-26  7:46:46 6968 [Note] InnoDB: FTS optimize thread exiting.
2025-08-26  7:46:46 1172 [Note] InnoDB: Starting shutdown...
2025-08-26  7:46:48 9080 [Note] InnoDB: Using mutexes to ref count buffer pool pages
2025-08-26  7:46:48 9080 [Note] InnoDB: The InnoDB memory heap is disabled
2025-08-26  7:46:48 9080 [Note] InnoDB: Mutexes and rw_locks use Windows interlocked functions
2025-08-26  7:46:48 9080 [Note] InnoDB: Memory barrier is not used
2025-08-26  7:46:48 9080 [Note] InnoDB: Compressed tables use zlib 1.2.3
2025-08-26  7:46:48 9080 [Note] InnoDB: Using generic crc32 instructions
2025-08-26  7:46:48 9080 [Note] InnoDB: Initializing buffer pool, size = 128.0M
2025-08-26  7:46:48 9080 [Note] InnoDB: Completed initialization of buffer pool
2025-08-26  7:46:48 9080 [Note] InnoDB: Highest supported file format is Barracuda.
2025-08-26  7:46:48 1172 [Note] InnoDB: Shutdown completed; log sequence number 5131301252
2025-08-26  7:46:48 1172 [Note] mysqldPt.exe: Shutdown complete

2025-08-26  7:46:48 9080 [Note] InnoDB: 128 rollback segment(s) are active.
2025-08-26  7:46:48 9080 [Note] InnoDB: Waiting for purge to start
2025-08-26  7:46:48 9080 [Note] InnoDB:  Percona XtraDB (http://www.percona.com) 5.6.28-76.1 started; log sequence number 5131301252
2025-08-26  7:46:48 6828 [Note] InnoDB: Dumping buffer pool(s) not yet started
2025-08-26  7:46:48 9080 [Note] Plugin 'FEEDBACK' is disabled.
2025-08-26  7:46:48 9080 [Note] Server socket created on IP: '::'.
2025-08-26  7:46:48 9080 [Warning] Found invalid password for user: '@%'; Ignoring user
2025-08-26  7:46:49 9080 [Note] mysqldPt.exe: ready for connections.
Version: '10.1.13-MariaDB'  socket: ''  port: 3308  mariadb.org binary distribution
2025-08-26  7:47:40 9772 [Note] mysqldPt.exe: Normal shutdown

2025-08-26  7:47:40 9772 [Note] Event Scheduler: Purging the queue. 0 events
2025-08-26  7:47:40 16456 [Note] InnoDB: FTS optimize thread exiting.
2025-08-26  7:47:40 9772 [Note] InnoDB: Starting shutdown...
2025-08-26  7:47:42 9772 [Note] InnoDB: Shutdown completed; log sequence number 5131301262
2025-08-26  7:47:42 9772 [Note] mysqldPt.exe: Shutdown complete

2025-08-26  7:47:42 14184 [Note] InnoDB: Using mutexes to ref count buffer pool pages
2025-08-26  7:47:42 14184 [Note] InnoDB: The InnoDB memory heap is disabled
2025-08-26  7:47:42 14184 [Note] InnoDB: Mutexes and rw_locks use Windows interlocked functions
2025-08-26  7:47:42 14184 [Note] InnoDB: Memory barrier is not used
2025-08-26  7:47:42 14184 [Note] InnoDB: Compressed tables use zlib 1.2.3
2025-08-26  7:47:42 14184 [Note] InnoDB: Using generic crc32 instructions
2025-08-26  7:47:42 14184 [Note] InnoDB: Initializing buffer pool, size = 128.0M
2025-08-26  7:47:42 14184 [Note] InnoDB: Completed initialization of buffer pool
2025-08-26  7:47:42 14184 [Note] InnoDB: Highest supported file format is Barracuda.
2025-08-26  7:47:43 14184 [Note] InnoDB: 128 rollback segment(s) are active.
2025-08-26  7:47:43 14184 [Note] InnoDB: Waiting for purge to start
2025-08-26  7:47:43 14184 [Note] InnoDB:  Percona XtraDB (http://www.percona.com) 5.6.28-76.1 started; log sequence number 5131301262
2025-08-26  7:47:43 15428 [Note] InnoDB: Dumping buffer pool(s) not yet started
2025-08-26  7:47:43 14184 [Note] Plugin 'FEEDBACK' is disabled.
2025-08-26  7:47:43 14184 [Note] Server socket created on IP: '::'.
2025-08-26  7:47:43 14184 [Warning] Found invalid password for user: '@%'; Ignoring user
2025-08-26  7:47:43 14184 [Note] mysqldPt.exe: ready for connections.
Version: '10.1.13-MariaDB'  socket: ''  port: 3308  mariadb.org binary distribution
2025-08-26  7:47:48 14520 [Note] mysqldPt.exe: Normal shutdown

2025-08-26  7:47:48 14520 [Note] Event Scheduler: Purging the queue. 0 events
2025-08-26  7:47:48 10500 [Note] InnoDB: FTS optimize thread exiting.
2025-08-26  7:47:48 14520 [Note] InnoDB: Starting shutdown...
2025-08-26  7:47:50 14520 [Note] InnoDB: Shutdown completed; log sequence number 5131301272
2025-08-26  7:47:50 14520 [Note] mysqldPt.exe: Shutdown complete

2025-08-26 10:35:58 12084 [Note] InnoDB: Using mutexes to ref count buffer pool pages
2025-08-26 10:35:58 12084 [Note] InnoDB: The InnoDB memory heap is disabled
2025-08-26 10:35:58 12084 [Note] InnoDB: Mutexes and rw_locks use Windows interlocked functions
2025-08-26 10:35:58 12084 [Note] InnoDB: Memory barrier is not used
2025-08-26 10:35:58 12084 [Note] InnoDB: Compressed tables use zlib 1.2.3
2025-08-26 10:35:58 12084 [Note] InnoDB: Using generic crc32 instructions
2025-08-26 10:35:58 12084 [Note] InnoDB: Initializing buffer pool, size = 128.0M
2025-08-26 10:35:58 12084 [Note] InnoDB: Completed initialization of buffer pool
2025-08-26 10:35:58 12084 [Note] InnoDB: Highest supported file format is Barracuda.
2025-08-26 10:35:58 12084 [Note] InnoDB: 128 rollback segment(s) are active.
2025-08-26 10:35:58 12084 [Note] InnoDB: Waiting for purge to start
2025-08-26 10:35:58 12084 [Note] InnoDB:  Percona XtraDB (http://www.percona.com) 5.6.28-76.1 started; log sequence number 5131301272
2025-08-26 10:35:58 16628 [Note] InnoDB: Dumping buffer pool(s) not yet started
2025-08-26 10:35:58 12084 [Note] Plugin 'FEEDBACK' is disabled.
2025-08-26 10:35:58 12084 [Note] Server socket created on IP: '::'.
2025-08-26 10:35:58 12084 [Warning] Found invalid password for user: '@%'; Ignoring user
2025-08-26 10:35:58 12084 [Note] mysqldPt.exe: ready for connections.
Version: '10.1.13-MariaDB'  socket: ''  port: 3308  mariadb.org binary distribution
2025-08-26 12:35:10 4968 [Note] mysqldPt.exe: Normal shutdown

2025-08-26 12:35:10 4968 [Note] Event Scheduler: Purging the queue. 0 events
2025-08-26 12:35:10 10644 [Note] InnoDB: FTS optimize thread exiting.
2025-08-26 12:35:10 4968 [Note] InnoDB: Starting shutdown...
2025-08-26 12:35:12 4968 [Note] InnoDB: Shutdown completed; log sequence number 5137358576
2025-08-26 12:35:12 4968 [Note] mysqldPt.exe: Shutdown complete

2025-08-26 14:00:28 3368 [Note] InnoDB: Using mutexes to ref count buffer pool pages
2025-08-26 14:00:28 3368 [Note] InnoDB: The InnoDB memory heap is disabled
2025-08-26 14:00:28 3368 [Note] InnoDB: Mutexes and rw_locks use Windows interlocked functions
2025-08-26 14:00:28 3368 [Note] InnoDB: Memory barrier is not used
2025-08-26 14:00:28 3368 [Note] InnoDB: Compressed tables use zlib 1.2.3
2025-08-26 14:00:28 3368 [Note] InnoDB: Using generic crc32 instructions
2025-08-26 14:00:28 3368 [Note] InnoDB: Initializing buffer pool, size = 128.0M
2025-08-26 14:00:28 3368 [Note] InnoDB: Completed initialization of buffer pool
2025-08-26 14:00:28 3368 [Note] InnoDB: Highest supported file format is Barracuda.
2025-08-26 14:00:28 3368 [Note] InnoDB: 128 rollback segment(s) are active.
2025-08-26 14:00:28 3368 [Note] InnoDB: Waiting for purge to start
2025-08-26 14:00:28 3368 [Note] InnoDB:  Percona XtraDB (http://www.percona.com) 5.6.28-76.1 started; log sequence number 5137358576
2025-08-26 14:00:28 2868 [Note] InnoDB: Dumping buffer pool(s) not yet started
2025-08-26 14:00:28 3368 [Note] Plugin 'FEEDBACK' is disabled.
2025-08-26 14:00:28 3368 [Note] Server socket created on IP: '::'.
2025-08-26 14:00:28 3368 [Warning] Found invalid password for user: '@%'; Ignoring user
2025-08-26 14:00:28 3368 [Note] mysqldPt.exe: ready for connections.
Version: '10.1.13-MariaDB'  socket: ''  port: 3308  mariadb.org binary distribution
2025-08-27  7:13:11 2204 [Note] mysqldPt.exe: Normal shutdown

2025-08-27  7:13:11 2204 [Note] Event Scheduler: Purging the queue. 0 events
2025-08-27  7:13:11 13324 [Note] InnoDB: FTS optimize thread exiting.
2025-08-27  7:13:11 2204 [Note] InnoDB: Starting shutdown...
2025-08-27  7:13:12 2204 [Note] InnoDB: Shutdown completed; log sequence number 5137563201
2025-08-27  7:13:12 2204 [Note] mysqldPt.exe: Shutdown complete

2025-08-27  8:41:46 14884 [Note] InnoDB: Using mutexes to ref count buffer pool pages
2025-08-27  8:41:46 14884 [Note] InnoDB: The InnoDB memory heap is disabled
2025-08-27  8:41:46 14884 [Note] InnoDB: Mutexes and rw_locks use Windows interlocked functions
2025-08-27  8:41:46 14884 [Note] InnoDB: Memory barrier is not used
2025-08-27  8:41:46 14884 [Note] InnoDB: Compressed tables use zlib 1.2.3
2025-08-27  8:41:46 14884 [Note] InnoDB: Using generic crc32 instructions
2025-08-27  8:41:46 14884 [Note] InnoDB: Initializing buffer pool, size = 128.0M
2025-08-27  8:41:46 14884 [Note] InnoDB: Completed initialization of buffer pool
2025-08-27  8:41:47 14884 [Note] InnoDB: Highest supported file format is Barracuda.
2025-08-27  8:41:47 14884 [Note] InnoDB: 128 rollback segment(s) are active.
2025-08-27  8:41:47 14884 [Note] InnoDB: Waiting for purge to start
2025-08-27  8:41:47 14884 [Note] InnoDB:  Percona XtraDB (http://www.percona.com) 5.6.28-76.1 started; log sequence number 5137563201
2025-08-27  8:41:47 17756 [Note] InnoDB: Dumping buffer pool(s) not yet started
2025-08-27  8:41:47 14884 [Note] Plugin 'FEEDBACK' is disabled.
2025-08-27  8:41:47 14884 [Note] Server socket created on IP: '::'.
2025-08-27  8:41:47 14884 [Warning] Found invalid password for user: '@%'; Ignoring user
2025-08-27  8:41:47 14884 [Note] mysqldPt.exe: ready for connections.
Version: '10.1.13-MariaDB'  socket: ''  port: 3308  mariadb.org binary distribution
2025-08-28  7:50:43 17096 [Note] InnoDB: Using mutexes to ref count buffer pool pages
2025-08-28  7:50:43 17096 [Note] InnoDB: The InnoDB memory heap is disabled
2025-08-28  7:50:43 17096 [Note] InnoDB: Mutexes and rw_locks use Windows interlocked functions
2025-08-28  7:50:43 17096 [Note] InnoDB: Memory barrier is not used
2025-08-28  7:50:43 17096 [Note] InnoDB: Compressed tables use zlib 1.2.3
2025-08-28  7:50:43 17096 [Note] InnoDB: Using generic crc32 instructions
2025-08-28  7:50:43 17096 [Note] InnoDB: Initializing buffer pool, size = 128.0M
2025-08-28  7:50:43 17096 [Note] InnoDB: Completed initialization of buffer pool
2025-08-28  7:50:43 17096 [Note] InnoDB: Highest supported file format is Barracuda.
2025-08-28  7:50:43 17096 [Note] InnoDB: The log sequence numbers 5137563201 and 5137563201 in ibdata files do not match the log sequence number 5138000786 in the ib_logfiles!
2025-08-28  7:50:43 17096 [Note] InnoDB: Database was not shutdown normally!
2025-08-28  7:50:43 17096 [Note] InnoDB: Starting crash recovery.
2025-08-28  7:50:43 17096 [Note] InnoDB: Reading tablespace information from the .ibd files...
2025-08-28  7:50:43 17096 [Note] InnoDB: Restoring possible half-written data pages 
2025-08-28  7:50:43 17096 [Note] InnoDB: from the doublewrite buffer...
2025-08-28  7:50:43 17096 [Note] InnoDB: 128 rollback segment(s) are active.
2025-08-28  7:50:43 17096 [Note] InnoDB: Waiting for purge to start
2025-08-28  7:50:43 17096 [Note] InnoDB:  Percona XtraDB (http://www.percona.com) 5.6.28-76.1 started; log sequence number 5138000786
2025-08-28  7:50:43 2040 [Note] InnoDB: Dumping buffer pool(s) not yet started
2025-08-28  7:50:43 17096 [Note] Plugin 'FEEDBACK' is disabled.
2025-08-28  7:50:43 17096 [Note] Server socket created on IP: '::'.
2025-08-28  7:50:43 17096 [Warning] Found invalid password for user: '@%'; Ignoring user
2025-08-28  7:50:44 17096 [Note] mysqldPt.exe: ready for connections.
Version: '10.1.13-MariaDB'  socket: ''  port: 3308  mariadb.org binary distribution
2025-08-29  9:38:08 14836 [Note] InnoDB: Online DDL : Start
2025-08-29  9:38:09 14836 [Note] InnoDB: Online DDL : Start reading clustered index of the table and create temporary files
2025-08-29  9:38:09 14836 [Note] InnoDB: Online DDL : End of reading clustered index of the table and create temporary files
2025-08-29  9:38:09 14836 [Note] InnoDB: Online DDL : Start merge-sorting index `PRIMARY` (1 / 1), estimated cost : 20.0000
2025-08-29  9:38:09 14836 [Note] InnoDB: Online DDL : merge-sorting has estimated 4 runs
2025-08-29  9:38:09 14836 [Note] InnoDB: Online DDL : End of  merge-sorting index `PRIMARY` (1 / 1)
2025-08-29  9:38:09 14836 [Note] InnoDB: Online DDL : Start building index `PRIMARY` (1 / 1), estimated cost : 30.0000
2025-08-29  9:38:09 14836 [Note] InnoDB: Online DDL : End of building index `PRIMARY` (1 / 1)
2025-08-29  9:38:09 14836 [Note] InnoDB: Online DDL : Completed
2025-08-29 11:24:03 14696 [Note] mysqldPt.exe: Normal shutdown

2025-08-29 11:24:03 14696 [Note] Event Scheduler: Purging the queue. 0 events
2025-08-29 11:24:03 1440 [Note] InnoDB: FTS optimize thread exiting.
2025-08-29 11:24:03 14696 [Note] InnoDB: Starting shutdown...
2025-08-29 11:24:04 14696 [Note] InnoDB: Shutdown completed; log sequence number 5147068725
2025-08-29 11:24:04 14696 [Note] mysqldPt.exe: Shutdown complete

2025-09-11  9:06:36 10536 [Note] InnoDB: Using mutexes to ref count buffer pool pages
2025-09-11  9:06:36 10536 [Note] InnoDB: The InnoDB memory heap is disabled
2025-09-11  9:06:36 10536 [Note] InnoDB: Mutexes and rw_locks use Windows interlocked functions
2025-09-11  9:06:36 10536 [Note] InnoDB: Memory barrier is not used
2025-09-11  9:06:36 10536 [Note] InnoDB: Compressed tables use zlib 1.2.3
2025-09-11  9:06:36 10536 [Note] InnoDB: Using generic crc32 instructions
2025-09-11  9:06:36 10536 [Note] InnoDB: Initializing buffer pool, size = 128.0M
2025-09-11  9:06:36 10536 [Note] InnoDB: Completed initialization of buffer pool
2025-09-11  9:06:36 10536 [Note] InnoDB: Highest supported file format is Barracuda.
2025-09-11  9:06:36 10536 [Note] InnoDB: 128 rollback segment(s) are active.
2025-09-11  9:06:36 10536 [Note] InnoDB: Waiting for purge to start
2025-09-11  9:06:36 10536 [Note] InnoDB:  Percona XtraDB (http://www.percona.com) 5.6.28-76.1 started; log sequence number 5147068725
2025-09-11  9:06:36 6664 [Note] InnoDB: Dumping buffer pool(s) not yet started
2025-09-11  9:06:37 10536 [Note] Plugin 'FEEDBACK' is disabled.
2025-09-11  9:06:37 10536 [Note] Server socket created on IP: '::'.
2025-09-11  9:06:37 10536 [Warning] Found invalid password for user: '@%'; Ignoring user
2025-09-11  9:06:37 10536 [Note] mysqldPt.exe: ready for connections.
Version: '10.1.13-MariaDB'  socket: ''  port: 3308  mariadb.org binary distribution
2025-09-11  9:31:23 10272 [Note] mysqldPt.exe: Normal shutdown

2025-09-11  9:31:23 10272 [Note] Event Scheduler: Purging the queue. 0 events
2025-09-11  9:31:23 12440 [Note] InnoDB: FTS optimize thread exiting.
2025-09-11  9:31:23 10272 [Note] InnoDB: Starting shutdown...
2025-09-11  9:31:25 10272 [Note] InnoDB: Shutdown completed; log sequence number 5147068735
2025-09-11  9:31:25 10272 [Note] mysqldPt.exe: Shutdown complete

2025-11-11  6:38:58 6316 [Note] InnoDB: Using mutexes to ref count buffer pool pages
2025-11-11  6:38:58 6316 [Note] InnoDB: The InnoDB memory heap is disabled
2025-11-11  6:38:58 6316 [Note] InnoDB: Mutexes and rw_locks use Windows interlocked functions
2025-11-11  6:38:58 6316 [Note] InnoDB: Memory barrier is not used
2025-11-11  6:38:58 6316 [Note] InnoDB: Compressed tables use zlib 1.2.3
2025-11-11  6:38:58 6316 [Note] InnoDB: Using generic crc32 instructions
2025-11-11  6:38:58 6316 [Note] InnoDB: Initializing buffer pool, size = 128.0M
2025-11-11  6:38:58 6316 [Note] InnoDB: Completed initialization of buffer pool
2025-11-11  6:38:58 6316 [Note] InnoDB: Highest supported file format is Barracuda.
2025-11-11  6:38:59 6316 [Note] InnoDB: 128 rollback segment(s) are active.
2025-11-11  6:38:59 6316 [Note] InnoDB: Waiting for purge to start
2025-11-11  6:38:59 6316 [Note] InnoDB:  Percona XtraDB (http://www.percona.com) 5.6.28-76.1 started; log sequence number 5147068735
2025-11-11  6:38:59 7744 [Note] InnoDB: Dumping buffer pool(s) not yet started
2025-11-11  6:38:59 6316 [Note] Plugin 'FEEDBACK' is disabled.
2025-11-11  6:38:59 6316 [Note] Server socket created on IP: '::'.
2025-11-11  6:38:59 6316 [Warning] Found invalid password for user: '@%'; Ignoring user
2025-11-11  6:38:59 6316 [Note] mysqldPt.exe: ready for connections.
Version: '10.1.13-MariaDB'  socket: ''  port: 3308  mariadb.org binary distribution
2025-11-18  9:09:00 2800 [Note] InnoDB: Using mutexes to ref count buffer pool pages
2025-11-18  9:09:00 2800 [Note] InnoDB: The InnoDB memory heap is disabled
2025-11-18  9:09:00 2800 [Note] InnoDB: Mutexes and rw_locks use Windows interlocked functions
2025-11-18  9:09:00 2800 [Note] InnoDB: Memory barrier is not used
2025-11-18  9:09:00 2800 [Note] InnoDB: Compressed tables use zlib 1.2.3
2025-11-18  9:09:00 2800 [Note] InnoDB: Using generic crc32 instructions
2025-11-18  9:09:00 2800 [Note] InnoDB: Initializing buffer pool, size = 128.0M
2025-11-18  9:09:00 2800 [Note] InnoDB: Completed initialization of buffer pool
2025-11-18  9:09:00 2800 [Note] InnoDB: Highest supported file format is Barracuda.
2025-11-18  9:09:00 2800 [Note] InnoDB: The log sequence numbers 5147068735 and 5147068735 in ibdata files do not match the log sequence number 5147068745 in the ib_logfiles!
2025-11-18  9:09:00 2800 [Note] InnoDB: Database was not shutdown normally!
2025-11-18  9:09:00 2800 [Note] InnoDB: Starting crash recovery.
2025-11-18  9:09:00 2800 [Note] InnoDB: Reading tablespace information from the .ibd files...
2025-11-18  9:09:00 2800 [Note] InnoDB: Restoring possible half-written data pages 
2025-11-18  9:09:00 2800 [Note] InnoDB: from the doublewrite buffer...
2025-11-18  9:09:00 2800 [Note] InnoDB: 128 rollback segment(s) are active.
2025-11-18  9:09:01 2800 [Note] InnoDB: Waiting for purge to start
2025-11-18  9:09:01 2800 [Note] InnoDB:  Percona XtraDB (http://www.percona.com) 5.6.28-76.1 started; log sequence number 5147068745
2025-11-18  9:09:01 11012 [Note] InnoDB: Dumping buffer pool(s) not yet started
2025-11-18  9:09:01 2800 [Note] Plugin 'FEEDBACK' is disabled.
2025-11-18  9:09:01 2800 [Note] Server socket created on IP: '::'.
2025-11-18  9:09:01 2800 [Warning] Found invalid password for user: '@%'; Ignoring user
2025-11-18  9:09:01 2800 [Note] mysqldPt.exe: ready for connections.
Version: '10.1.13-MariaDB'  socket: ''  port: 3308  mariadb.org binary distribution
2025-11-18  9:30:53 18804 [Note] mysqldPt.exe: Normal shutdown

2025-11-18  9:30:53 18804 [Note] Event Scheduler: Purging the queue. 0 events
2025-11-18  9:30:54 18844 [Note] InnoDB: FTS optimize thread exiting.
2025-11-18  9:30:54 18804 [Note] InnoDB: Starting shutdown...
2025-11-18  9:30:56 18804 [Note] InnoDB: Shutdown completed; log sequence number 5147068755
2025-11-18  9:30:56 18804 [Note] mysqldPt.exe: Shutdown complete

2025-12-26 22:43:57 12804 [Note] InnoDB: Using mutexes to ref count buffer pool pages
2025-12-26 22:43:57 12804 [Note] InnoDB: The InnoDB memory heap is disabled
2025-12-26 22:43:57 12804 [Note] InnoDB: Mutexes and rw_locks use Windows interlocked functions
2025-12-26 22:43:57 12804 [Note] InnoDB: Memory barrier is not used
2025-12-26 22:43:57 12804 [Note] InnoDB: Compressed tables use zlib 1.2.3
2025-12-26 22:43:57 12804 [Note] InnoDB: Using generic crc32 instructions
2025-12-26 22:43:57 12804 [Note] InnoDB: Initializing buffer pool, size = 128.0M
2025-12-26 22:43:57 12804 [Note] InnoDB: Completed initialization of buffer pool
2025-12-26 22:43:58 12804 [Note] InnoDB: Highest supported file format is Barracuda.
2025-12-26 22:43:58 12804 [Note] InnoDB: 128 rollback segment(s) are active.
2025-12-26 22:43:58 12804 [Note] InnoDB: Waiting for purge to start
2025-12-26 22:43:58 12804 [Note] InnoDB:  Percona XtraDB (http://www.percona.com) 5.6.28-76.1 started; log sequence number 5147068755
2025-12-26 22:43:58 6692 [Note] InnoDB: Dumping buffer pool(s) not yet started
2025-12-26 22:43:58 12804 [Note] Plugin 'FEEDBACK' is disabled.
2025-12-26 22:43:58 12804 [Note] Server socket created on IP: '::'.
2025-12-26 22:43:58 12804 [Warning] Found invalid password for user: '@%'; Ignoring user
2025-12-26 22:43:59 12804 [Note] mysqldPt.exe: ready for connections.
Version: '10.1.13-MariaDB'  socket: ''  port: 3308  mariadb.org binary distribution
2025-12-27  8:18:59 9724 [Note] InnoDB: Using mutexes to ref count buffer pool pages
2025-12-27  8:18:59 9724 [Note] InnoDB: The InnoDB memory heap is disabled
2025-12-27  8:18:59 9724 [Note] InnoDB: Mutexes and rw_locks use Windows interlocked functions
2025-12-27  8:18:59 9724 [Note] InnoDB: Memory barrier is not used
2025-12-27  8:18:59 9724 [Note] InnoDB: Compressed tables use zlib 1.2.3
2025-12-27  8:18:59 9724 [Note] InnoDB: Using generic crc32 instructions
2025-12-27  8:18:59 9724 [Note] InnoDB: Initializing buffer pool, size = 128.0M
2025-12-27  8:18:59 9724 [Note] InnoDB: Completed initialization of buffer pool
2025-12-27  8:18:59 9724 [Note] InnoDB: Highest supported file format is Barracuda.
2025-12-27  8:18:59 9724 [Note] InnoDB: The log sequence numbers 5147068755 and 5147068755 in ibdata files do not match the log sequence number 5152114451 in the ib_logfiles!
2025-12-27  8:18:59 9724 [Note] InnoDB: Database was not shutdown normally!
2025-12-27  8:18:59 9724 [Note] InnoDB: Starting crash recovery.
2025-12-27  8:18:59 9724 [Note] InnoDB: Reading tablespace information from the .ibd files...
2025-12-27  8:18:59 9724 [Note] InnoDB: Restoring possible half-written data pages 
2025-12-27  8:18:59 9724 [Note] InnoDB: from the doublewrite buffer...
2025-12-27  8:18:59 9724 [Note] InnoDB: 128 rollback segment(s) are active.
2025-12-27  8:18:59 9724 [Note] InnoDB: Waiting for purge to start
2025-12-27  8:18:59 9724 [Note] InnoDB:  Percona XtraDB (http://www.percona.com) 5.6.28-76.1 started; log sequence number 5152114451
2025-12-27  8:18:59 4276 [Note] InnoDB: Dumping buffer pool(s) not yet started
2025-12-27  8:18:59 9724 [Note] Plugin 'FEEDBACK' is disabled.
2025-12-27  8:18:59 9724 [Note] Server socket created on IP: '::'.
2025-12-27  8:18:59 9724 [Warning] Found invalid password for user: '@%'; Ignoring user
2025-12-27  8:18:59 9724 [Note] mysqldPt.exe: ready for connections.
Version: '10.1.13-MariaDB'  socket: ''  port: 3308  mariadb.org binary distribution
2025-12-29  7:28:43 8088 [Note] InnoDB: Using mutexes to ref count buffer pool pages
2025-12-29  7:28:43 8088 [Note] InnoDB: The InnoDB memory heap is disabled
2025-12-29  7:28:43 8088 [Note] InnoDB: Mutexes and rw_locks use Windows interlocked functions
2025-12-29  7:28:43 8088 [Note] InnoDB: Memory barrier is not used
2025-12-29  7:28:43 8088 [Note] InnoDB: Compressed tables use zlib 1.2.3
2025-12-29  7:28:43 8088 [Note] InnoDB: Using generic crc32 instructions
2025-12-29  7:28:43 8088 [Note] InnoDB: Initializing buffer pool, size = 128.0M
2025-12-29  7:28:43 8088 [Note] InnoDB: Completed initialization of buffer pool
2025-12-29  7:28:43 8088 [Note] InnoDB: Highest supported file format is Barracuda.
2025-12-29  7:28:43 8088 [Note] InnoDB: The log sequence numbers 5147068755 and 5147068755 in ibdata files do not match the log sequence number 5152114461 in the ib_logfiles!
2025-12-29  7:28:43 8088 [Note] InnoDB: Database was not shutdown normally!
2025-12-29  7:28:43 8088 [Note] InnoDB: Starting crash recovery.
2025-12-29  7:28:43 8088 [Note] InnoDB: Reading tablespace information from the .ibd files...
2025-12-29  7:28:43 8088 [Note] InnoDB: Restoring possible half-written data pages 
2025-12-29  7:28:43 8088 [Note] InnoDB: from the doublewrite buffer...
2025-12-29  7:28:43 8088 [Note] InnoDB: 128 rollback segment(s) are active.
2025-12-29  7:28:43 8088 [Note] InnoDB: Waiting for purge to start
2025-12-29  7:28:43 8088 [Note] InnoDB:  Percona XtraDB (http://www.percona.com) 5.6.28-76.1 started; log sequence number 5152114461
2025-12-29  7:28:43 8112 [Note] InnoDB: Dumping buffer pool(s) not yet started
2025-12-29  7:28:43 8088 [Note] Plugin 'FEEDBACK' is disabled.
2025-12-29  7:28:43 8088 [Note] Server socket created on IP: '::'.
2025-12-29  7:28:43 8088 [Warning] Found invalid password for user: '@%'; Ignoring user
2025-12-29  7:28:44 8088 [Note] mysqldPt.exe: ready for connections.
Version: '10.1.13-MariaDB'  socket: ''  port: 3308  mariadb.org binary distribution
2025-12-29 23:43:00 16892 [Note] InnoDB: Online DDL : Start
2025-12-29 23:43:00 16892 [Note] InnoDB: Online DDL : Start reading clustered index of the table and create temporary files
2025-12-29 23:43:00 16892 [Note] InnoDB: Online DDL : End of reading clustered index of the table and create temporary files
2025-12-29 23:43:00 16892 [Note] InnoDB: Online DDL : Start merge-sorting index `PRIMARY` (1 / 1), estimated cost : 20.0000
2025-12-29 23:43:00 16892 [Note] InnoDB: Online DDL : End of  merge-sorting index `PRIMARY` (1 / 1)
2025-12-29 23:43:00 16892 [Note] InnoDB: Online DDL : Start building index `PRIMARY` (1 / 1), estimated cost : 30.0000
2025-12-29 23:43:00 16892 [Note] InnoDB: Online DDL : End of building index `PRIMARY` (1 / 1)
2025-12-29 23:43:00 16892 [Note] InnoDB: Online DDL : Completed
2026-01-02  9:12:22 15172 [Note] InnoDB: Using mutexes to ref count buffer pool pages
2026-01-02  9:12:22 15172 [Note] InnoDB: The InnoDB memory heap is disabled
2026-01-02  9:12:22 15172 [Note] InnoDB: Mutexes and rw_locks use Windows interlocked functions
2026-01-02  9:12:22 15172 [Note] InnoDB: Memory barrier is not used
2026-01-02  9:12:22 15172 [Note] InnoDB: Compressed tables use zlib 1.2.3
2026-01-02  9:12:22 15172 [Note] InnoDB: Using generic crc32 instructions
2026-01-02  9:12:22 15172 [Note] InnoDB: Initializing buffer pool, size = 128.0M
2026-01-02  9:12:22 15172 [Note] InnoDB: Completed initialization of buffer pool
2026-01-02  9:12:22 15172 [Note] InnoDB: Highest supported file format is Barracuda.
2026-01-02  9:12:22 15172 [Note] InnoDB: The log sequence numbers 5147068755 and 5147068755 in ibdata files do not match the log sequence number 5152203176 in the ib_logfiles!
2026-01-02  9:12:22 15172 [Note] InnoDB: Database was not shutdown normally!
2026-01-02  9:12:22 15172 [Note] InnoDB: Starting crash recovery.
2026-01-02  9:12:22 15172 [Note] InnoDB: Reading tablespace information from the .ibd files...
2026-01-02  9:12:22 15172 [Note] InnoDB: Restoring possible half-written data pages 
2026-01-02  9:12:22 15172 [Note] InnoDB: from the doublewrite buffer...
2026-01-02  9:12:22 15172 [Note] InnoDB: 128 rollback segment(s) are active.
2026-01-02  9:12:22 15172 [Note] InnoDB: Waiting for purge to start
2026-01-02  9:12:22 15172 [Note] InnoDB:  Percona XtraDB (http://www.percona.com) 5.6.28-76.1 started; log sequence number 5152203176
2026-01-02  9:12:22 15092 [Note] InnoDB: Dumping buffer pool(s) not yet started
2026-01-02  9:12:22 15172 [Note] Plugin 'FEEDBACK' is disabled.
2026-01-02  9:12:23 15172 [Note] Server socket created on IP: '::'.
2026-01-02  9:12:23 15172 [Warning] Found invalid password for user: '@%'; Ignoring user
2026-01-02  9:12:23 15172 [Note] mysqldPt.exe: ready for connections.
Version: '10.1.13-MariaDB'  socket: ''  port: 3308  mariadb.org binary distribution
