2025-08-20  9:51:31 7632 [Note] InnoDB: Using mutexes to ref count buffer pool pages
2025-08-20  9:51:31 7632 [Note] InnoDB: The InnoDB memory heap is disabled
2025-08-20  9:51:31 7632 [Note] InnoDB: Mutexes and rw_locks use Windows interlocked functions
2025-08-20  9:51:31 7632 [Note] InnoDB: Memory barrier is not used
2025-08-20  9:51:31 7632 [Note] InnoDB: Compressed tables use zlib 1.2.3
2025-08-20  9:51:31 7632 [Note] InnoDB: Using generic crc32 instructions
2025-08-20  9:51:31 7632 [Note] InnoDB: Initializing buffer pool, size = 128.0M
2025-08-20  9:51:31 7632 [Note] InnoDB: Completed initialization of buffer pool
2025-08-20  9:51:31 7632 [Note] InnoDB: Highest supported file format is Barracuda.
2025-08-20  9:51:31 7632 [Note] InnoDB: The log sequence numbers 5101181180 and 5101181180 in ibdata files do not match the log sequence number 5101181210 in the ib_logfiles!
2025-08-20  9:51:31 7632 [Note] InnoDB: Database was not shutdown normally!
2025-08-20  9:51:31 7632 [Note] InnoDB: Starting crash recovery.
2025-08-20  9:51:31 7632 [Note] InnoDB: Reading tablespace information from the .ibd files...
2025-08-20  9:51:31 7632 [Note] InnoDB: Restoring possible half-written data pages 
2025-08-20  9:51:31 7632 [Note] InnoDB: from the doublewrite buffer...
2025-08-20  9:51:32 7632 [Note] InnoDB: 128 rollback segment(s) are active.
2025-08-20  9:51:32 7632 [Note] InnoDB: Waiting for purge to start
2025-08-20  9:51:32 7632 [Note] InnoDB:  Percona XtraDB (http://www.percona.com) 5.6.28-76.1 started; log sequence number 5101181210
2025-08-20  9:51:32 7860 [Note] InnoDB: Dumping buffer pool(s) not yet started
2025-08-20  9:51:32 7632 [Note] Plugin 'FEEDBACK' is disabled.
2025-08-20  9:51:32 7632 [Note] Server socket created on IP: '::'.
2025-08-20  9:51:33 7632 [Warning] Found invalid password for user: '@%'; Ignoring user
2025-08-20  9:51:33 7632 [Note] mysqldPt.exe: ready for connections.
Version: '10.1.13-MariaDB'  socket: ''  port: 3308  mariadb.org binary distribution
2025-08-20 10:50:07 11700 [Note] mysqldPt.exe: Normal shutdown

2025-08-20 10:50:07 11700 [Note] Event Scheduler: Purging the queue. 0 events
2025-08-20 10:50:07 1620 [Note] InnoDB: FTS optimize thread exiting.
2025-08-20 10:50:07 11700 [Note] InnoDB: Starting shutdown...
2025-08-20 10:50:09 11700 [Note] InnoDB: Shutdown completed; log sequence number 5101181327
2025-08-20 10:50:09 11700 [Note] mysqldPt.exe: Shutdown complete

2025-08-20 11:09:41 2988 [Note] InnoDB: Using mutexes to ref count buffer pool pages
2025-08-20 11:09:41 2988 [Note] InnoDB: The InnoDB memory heap is disabled
2025-08-20 11:09:41 2988 [Note] InnoDB: Mutexes and rw_locks use Windows interlocked functions
2025-08-20 11:09:41 2988 [Note] InnoDB: Memory barrier is not used
2025-08-20 11:09:41 2988 [Note] InnoDB: Compressed tables use zlib 1.2.3
2025-08-20 11:09:41 2988 [Note] InnoDB: Using generic crc32 instructions
2025-08-20 11:09:41 2988 [Note] InnoDB: Initializing buffer pool, size = 128.0M
2025-08-20 11:09:41 2988 [Note] InnoDB: Completed initialization of buffer pool
2025-08-20 11:09:41 2988 [Note] InnoDB: Highest supported file format is Barracuda.
2025-08-20 11:09:42 2988 [Note] InnoDB: 128 rollback segment(s) are active.
2025-08-20 11:09:42 2988 [Note] InnoDB: Waiting for purge to start
2025-08-20 11:09:42 2988 [Note] InnoDB:  Percona XtraDB (http://www.percona.com) 5.6.28-76.1 started; log sequence number 5101181327
2025-08-20 11:09:42 4564 [Note] InnoDB: Dumping buffer pool(s) not yet started
2025-08-20 11:09:42 2988 [Note] Plugin 'FEEDBACK' is disabled.
2025-08-20 11:09:42 2988 [Note] Server socket created on IP: '::'.
2025-08-20 11:09:42 2988 [Warning] Found invalid password for user: '@%'; Ignoring user
2025-08-20 11:09:42 2988 [Note] mysqldPt.exe: ready for connections.
Version: '10.1.13-MariaDB'  socket: ''  port: 3308  mariadb.org binary distribution
